<?xml version="1.0" encoding="UTF-8"?>
<!-- Generated by org.testng.reporters.JUnitXMLReporter -->
<testsuite ignored="0" hostname="DESKTOP-HR2KPOH" failures="2" tests="2" name="Test Assertion" time="0.025" errors="0" timestamp="2023-01-07T12:55:42 IST">
  <testcase classname="TestNG.SoftAssetion" name="testingAssestion" time="0.01">
    <failure type="java.lang.AssertionError" message="The following asserts failed:
	expected [Yahoo.com] but found [Google.com],
	Image is not present expected [false] but found [true],
	Test message not present expected [false] but found [true],
	Expected condition was not matched">
      <![CDATA[java.lang.AssertionError: The following asserts failed:
expected [Yahoo.com] but found [Google.com],
Image is not present expected [false] but found [true],
Test message not present expected [false] but found [true],
Expected condition was not matched
at TestNG.SoftAssetion.testingAssestion(SoftAssetion.java:33)
at java.base/java.util.ArrayList.forEach(ArrayList.java:1511)
... Removed 29 stack frames]]>
    </failure>
  </testcase> <!-- testingAssestion -->
  <testcase classname="TestNG.TestngHardAssertion" name="testingAssestion" time="0.002">
    <failure type="java.lang.AssertionError" message="expected [Yahoo.com] but found [Google.com]">
      <![CDATA[java.lang.AssertionError: expected [Yahoo.com] but found [Google.com]
at TestNG.TestngHardAssertion.testingAssestion(TestngHardAssertion.java:15)
at java.base/java.util.ArrayList.forEach(ArrayList.java:1511)
... Removed 33 stack frames]]>
    </failure>
  </testcase> <!-- testingAssestion -->
</testsuite> <!-- Test Assertion -->
