<?xml version="1.0" encoding="UTF-8"?>
<!-- Generated by org.testng.reporters.JUnitXMLReporter -->
<testsuite ignored="0" hostname="DESKTOP-HR2KPOH" failures="1" tests="4" name="Adding Dependecy Test" time="0.012" errors="0" timestamp="2023-01-07T09:10:26 IST">
  <testcase classname="TestngDependencies.AddingDependencyOnMethods" name="testRegister" time="0.001">
    <failure type="java.lang.AssertionError" message="User not Exists">
      <![CDATA[java.lang.AssertionError: User not Exists
at TestngDependencies.AddingDependencyOnMethods.testRegister(AddingDependencyOnMethods.java:11)
at java.base/java.util.ArrayList.forEach(ArrayList.java:1511)
... Removed 29 stack frames]]>
    </failure>
  </testcase> <!-- testRegister -->
  <testcase classname="TestngDependencies.AddingDependencyOnMethods" name="testLogin" time="0.0">
    <skipped/>
  </testcase> <!-- testLogin -->
  <testcase classname="TestngDependencies.AddingDependencyOnMethods" name="testPasswordLink" time="0.001"/>
  <testcase classname="TestngDependencies.AddingDependencyOnMethods" name="testGrantAdminAccess" time="0.001"/>
</testsuite> <!-- Adding Dependecy Test -->
