<?xml version="1.0" encoding="UTF-8"?>
<!-- Generated by org.testng.reporters.JUnitXMLReporter -->
<testsuite ignored="7" hostname="DESKTOP-HR2KPOH" failures="3" tests="10" name="Groups Test" time="0.084" errors="0" timestamp="2023-01-07T12:55:20 IST">
  <testcase classname="TestNGGroups.AddingFuntionalGroup" name="fintionalTestRegister" time="0.01">
    <failure type="java.lang.AssertionError" message="User not Exists">
      <![CDATA[java.lang.AssertionError: User not Exists
at TestNGGroups.AddingFuntionalGroup.fintionalTestRegister(AddingFuntionalGroup.java:11)
at java.base/java.util.ArrayList.forEach(ArrayList.java:1511)
... Removed 28 stack frames]]>
    </failure>
  </testcase> <!-- fintionalTestRegister -->
  <testcase classname="TestNGGroups.AddingFuntionalGroup" name="funtionalTestLogin" time="0.0">
    <skipped/>
  </testcase> <!-- funtionalTestLogin -->
  <testcase classname="TestNGGroups.AddingFuntionalGroup" name="funtionalTestPasswordLink" time="0.001"/>
  <testcase classname="TestNGGroups.AddingFuntionalGroup" name="functionalTestGrantAdminAccess" time="0.001"/>
  <testcase classname="TestNGGroups.AddingRegressionGroup" name="regressionTestRegister" time="0.001">
    <failure type="java.lang.AssertionError" message="User not Exists">
      <![CDATA[java.lang.AssertionError: User not Exists
at TestNGGroups.AddingRegressionGroup.regressionTestRegister(AddingRegressionGroup.java:11)
at java.base/java.util.ArrayList.forEach(ArrayList.java:1511)
... Removed 28 stack frames]]>
    </failure>
  </testcase> <!-- regressionTestRegister -->
  <testcase classname="TestNGGroups.AddingRegressionGroup" name="regressionTestLogin" time="0.001"/>
  <testcase classname="TestNGGroups.AddingRegressionGroup" name="regressionTestPasswordLink" time="0.002">
    <failure type="java.lang.AssertionError" message="Password not changed">
      <![CDATA[java.lang.AssertionError: Password not changed
at TestNGGroups.AddingRegressionGroup.regressionTestPasswordLink(AddingRegressionGroup.java:22)
at java.base/java.util.ArrayList.forEach(ArrayList.java:1511)
... Removed 28 stack frames]]>
    </failure>
  </testcase> <!-- regressionTestPasswordLink -->
  <testcase classname="TestNGGroups.AddingRegressionGroup" name="regressionTestGrantAdminAccess" time="0.001"/>
  <testcase classname="TestNGGroups.TestngAddingGroups" name="testLogin" time="0.001"/>
  <testcase classname="TestNGGroups.TestngAddingGroups" name="testForgotLink" time="0.001"/>
  <testcase classname="TestNGGroups.AddingRegressionGroup" name="regressionTestCreateEmail" time="0.0">
    <ignored/>
  </testcase> <!-- regressionTestCreateEmail -->
  <testcase classname="TestNGGroups.AddingSomkeGroup" name="somkeTestCreateEmail" time="0.0">
    <ignored/>
  </testcase> <!-- somkeTestCreateEmail -->
  <testcase classname="TestNGGroups.AddingSomkeGroup" name="smokeTestRegister" time="0.0">
    <ignored/>
  </testcase> <!-- smokeTestRegister -->
  <testcase classname="TestNGGroups.AddingSomkeGroup" name="somkeTestLogin" time="0.0">
    <ignored/>
  </testcase> <!-- somkeTestLogin -->
  <testcase classname="TestNGGroups.AddingSomkeGroup" name="smoketTestPasswordLink" time="0.0">
    <ignored/>
  </testcase> <!-- smoketTestPasswordLink -->
  <testcase classname="TestNGGroups.TestngAddingGroups" name="testRegistation" time="0.0">
    <ignored/>
  </testcase> <!-- testRegistation -->
  <testcase classname="TestNGGroups.AddingSomkeGroup" name="somkeTestestGrantAdminAccess" time="0.0">
    <ignored/>
  </testcase> <!-- somkeTestestGrantAdminAccess -->
</testsuite> <!-- Groups Test -->
